<?xml version="1.0" encoding="UTF-8"?>
<!-- Generated by org.testng.reporters.JUnitReportReporter -->
<testsuite hostname="DM-LT15" failures="0" tests="12" name="com.SupplierBackEnd.TestClassSupplier" time="85.679" errors="0" timestamp="2023-05-11T14:02:07 IST" skipped="0">
  <testcase classname="com.SupplierBackEnd.TestClassSupplier" name="LoginwithEmptyEmailId" time="5.738"/>
  <system-out/>
  <testcase classname="com.SupplierBackEnd.TestClassSupplier" name="loginwithInvalidEmailId" time="4.172"/>
  <system-out/>
  <testcase classname="com.SupplierBackEnd.TestClassSupplier" name="loginwithEmptyPassword" time="4.123"/>
  <system-out/>
  <testcase classname="com.SupplierBackEnd.TestClassSupplier" name="loginwithInvalidPassword" time="4.012"/>
  <system-out/>
  <testcase classname="com.SupplierBackEnd.TestClassSupplier" name="loginwithInvalidEmailandPassword" time="4.029"/>
  <system-out/>
  <testcase classname="com.SupplierBackEnd.TestClassSupplier" name="loginwithEmptyEmailandPassword" time="4.512"/>
  <system-out/>
  <testcase classname="com.SupplierBackEnd.TestClassSupplier" name="loginverification" time="7.037"/>
  <system-out/>
  <testcase classname="com.SupplierBackEnd.TestClassSupplier" name="CheckSalesOverviewandSummaryText" time="0.120"/>
  <system-out/>
  <testcase classname="com.SupplierBackEnd.TestClassSupplier" name="CheckRevenueBreakdownSession" time="0.090"/>
  <system-out/>
  <testcase classname="com.SupplierBackEnd.TestClassSupplier" name="ChangeBookingStatus" time="22.668"/>
  <system-out/>
  <testcase classname="com.SupplierBackEnd.TestClassSupplier" name="VerifyToursLinks" time="15.485"/>
  <system-out/>
  <testcase classname="com.SupplierBackEnd.TestClassSupplier" name="Logout" time="13.693"/>
  <system-out/>
</testsuite> <!-- com.SupplierBackEnd.TestClassSupplier -->
