<?xml version="1.0" encoding="UTF-8"?>
<!-- Generated by org.testng.reporters.JUnitReportReporter -->
<testsuite hostname="DM-LT15" failures="0" tests="21" name="com.AgentFrontEnd.TestClassAgent" time="226.012" errors="0" timestamp="2023-05-11T14:02:07 IST" skipped="0">
  <testcase classname="com.AgentFrontEnd.TestClassAgent" name="LoginwithEmptyEmailId" time="9.899"/>
  <system-out/>
  <testcase classname="com.AgentFrontEnd.TestClassAgent" name="loginwithInvalidEmailId" time="17.354"/>
  <system-out/>
  <testcase classname="com.AgentFrontEnd.TestClassAgent" name="loginwithEmptyPassword" time="12.599"/>
  <system-out/>
  <testcase classname="com.AgentFrontEnd.TestClassAgent" name="loginwithInvalidPassword" time="17.407"/>
  <system-out/>
  <testcase classname="com.AgentFrontEnd.TestClassAgent" name="loginwithInvalidEmailandPassword" time="16.912"/>
  <system-out/>
  <testcase classname="com.AgentFrontEnd.TestClassAgent" name="loginwithEmptyEmailandPassword" time="12.563"/>
  <system-out/>
  <testcase classname="com.AgentFrontEnd.TestClassAgent" name="loginverification" time="17.070"/>
  <system-out/>
  <testcase classname="com.AgentFrontEnd.TestClassAgent" name="VerifyMybookingsLink" time="5.615"/>
  <system-out/>
  <testcase classname="com.AgentFrontEnd.TestClassAgent" name="ViewVoucher" time="7.526"/>
  <system-out/>
  <testcase classname="com.AgentFrontEnd.TestClassAgent" name="AddFundsLinks" time="6.252"/>
  <system-out/>
  <testcase classname="com.AgentFrontEnd.TestClassAgent" name="MyProfileLinks" time="6.867"/>
  <system-out/>
  <testcase classname="com.AgentFrontEnd.TestClassAgent" name="SearchHotelwithInvalidCityName" time="13.708"/>
  <system-out/>
  <testcase classname="com.AgentFrontEnd.TestClassAgent" name="SearchHotelwithValidCityName" time="24.780"/>
  <system-out/>
  <testcase classname="com.AgentFrontEnd.TestClassAgent" name="CheckHomePagelink" time="7.372"/>
  <system-out/>
  <testcase classname="com.AgentFrontEnd.TestClassAgent" name="CheckFlightPagelink" time="5.049"/>
  <system-out/>
  <testcase classname="com.AgentFrontEnd.TestClassAgent" name="CheckToursPagelink" time="5.969"/>
  <system-out/>
  <testcase classname="com.AgentFrontEnd.TestClassAgent" name="CheckVisaPagelink" time="5.607"/>
  <system-out/>
  <testcase classname="com.AgentFrontEnd.TestClassAgent" name="CheckBlogPagelink" time="6.992"/>
  <system-out/>
  <testcase classname="com.AgentFrontEnd.TestClassAgent" name="CheckOffersPagelink" time="6.419"/>
  <system-out/>
  <testcase classname="com.AgentFrontEnd.TestClassAgent" name="ChangeCurrencyTypetoINR" time="13.494"/>
  <system-out/>
  <testcase classname="com.AgentFrontEnd.TestClassAgent" name="Logout" time="6.558"/>
  <system-out/>
</testsuite> <!-- com.AgentFrontEnd.TestClassAgent -->
