<?xml version="1.0" encoding="UTF-8"?>
<!-- Generated by org.testng.reporters.JUnitReportReporter -->
<testsuite hostname="DM-LT15" failures="0" tests="12" name="com.CustomerFrontEnd.TestClassCustomer" time="97.516" errors="0" timestamp="2023-05-11T14:02:07 IST" skipped="0">
  <testcase classname="com.CustomerFrontEnd.TestClassCustomer" name="LoginwithEmptyEmailId" time="2.490"/>
  <system-out/>
  <testcase classname="com.CustomerFrontEnd.TestClassCustomer" name="loginwithInvalidEmailId" time="8.106"/>
  <system-out/>
  <testcase classname="com.CustomerFrontEnd.TestClassCustomer" name="loginwithEmptyPassword" time="3.022"/>
  <system-out/>
  <testcase classname="com.CustomerFrontEnd.TestClassCustomer" name="loginwithInvalidPassword" time="7.393"/>
  <system-out/>
  <testcase classname="com.CustomerFrontEnd.TestClassCustomer" name="loginwithInvalidEmailandPassword" time="7.355"/>
  <system-out/>
  <testcase classname="com.CustomerFrontEnd.TestClassCustomer" name="loginwithEmptyEmailandPassword" time="2.726"/>
  <system-out/>
  <testcase classname="com.CustomerFrontEnd.TestClassCustomer" name="loginverification" time="7.365"/>
  <system-out/>
  <testcase classname="com.CustomerFrontEnd.TestClassCustomer" name="VerifyMybookingsLink" time="5.546"/>
  <system-out/>
  <testcase classname="com.CustomerFrontEnd.TestClassCustomer" name="ViewVoucher" time="7.565"/>
  <system-out/>
  <testcase classname="com.CustomerFrontEnd.TestClassCustomer" name="AddFunds" time="21.593"/>
  <system-out/>
  <testcase classname="com.CustomerFrontEnd.TestClassCustomer" name="UpdateAddress" time="17.258"/>
  <system-out/>
  <testcase classname="com.CustomerFrontEnd.TestClassCustomer" name="Logout" time="7.097"/>
  <system-out/>
</testsuite> <!-- com.CustomerFrontEnd.TestClassCustomer -->
