<?xml version="1.0" encoding="UTF-8"?>
<!-- Generated by org.testng.reporters.JUnitReportReporter -->
<testsuite hostname="DM-LT15" failures="0" tests="12" name="com.AdminBackEnd.TestClassAdmin" time="181.057" errors="0" timestamp="2023-05-11T14:02:07 IST" skipped="0">
  <testcase classname="com.AdminBackEnd.TestClassAdmin" name="LoginwithEmptyEmailId" time="9.927"/>
  <system-out/>
  <testcase classname="com.AdminBackEnd.TestClassAdmin" name="loginwithInvalidEmailId" time="13.096"/>
  <system-out/>
  <testcase classname="com.AdminBackEnd.TestClassAdmin" name="loginwithEmptyPassword" time="13.113"/>
  <system-out/>
  <testcase classname="com.AdminBackEnd.TestClassAdmin" name="loginwithInvalidPassword" time="13.095"/>
  <system-out/>
  <testcase classname="com.AdminBackEnd.TestClassAdmin" name="loginwithInvalidEmailandPassword" time="13.156"/>
  <system-out/>
  <testcase classname="com.AdminBackEnd.TestClassAdmin" name="loginwithEmptyEmailandPassword" time="12.954"/>
  <system-out/>
  <testcase classname="com.AdminBackEnd.TestClassAdmin" name="loginverification" time="24.312"/>
  <system-out/>
  <testcase classname="com.AdminBackEnd.TestClassAdmin" name="VerifybookingsLink" time="6.910"/>
  <system-out/>
  <testcase classname="com.AdminBackEnd.TestClassAdmin" name="ViewInvoice" time="11.972"/>
  <system-out/>
  <testcase classname="com.AdminBackEnd.TestClassAdmin" name="DeleteCancelledBooking" time="17.624"/>
  <system-out/>
  <testcase classname="com.AdminBackEnd.TestClassAdmin" name="ChangeBookingStatus" time="21.135"/>
  <system-out/>
  <testcase classname="com.AdminBackEnd.TestClassAdmin" name="Logout" time="23.763"/>
  <system-out/>
</testsuite> <!-- com.AdminBackEnd.TestClassAdmin -->
